[2026-04-11 22:30:21] pipeline start
FQBN: esp32:esp32:esp32s3:CDCOnBoot=cdc,FlashMode=qio120,PartitionScheme=min_spiffs,LoopCore=0,EventsCore=0
Using board 'esp32s3' from platform in folder: C:\Users\donot\AppData\Local\Arduino15\packages\esp32\hardware\esp32\3.3.7
Using core 'esp32' from platform in folder: C:\Users\donot\AppData\Local\Arduino15\packages\esp32\hardware\esp32\3.3.7

cmd /c if exist "C:\\Users\\donot\\OneDrive\\Documents\\Arduino\\Mouse_esp32s3\\partitions.csv" COPY /y "C:\\Users\\donot\\OneDrive\\Documents\\Arduino\\Mouse_esp32s3\\partitions.csv" "C:\\Users\\donot\\AppData\\Local\\arduino\\sketches\\B31446632B02B01B7BCD35A44C52C342\\partitions.csv"
cmd /c if not exist "C:\\Users\\donot\\AppData\\Local\\arduino\\sketches\\B31446632B02B01B7BCD35A44C52C342\\partitions.csv" if exist "C:\\Users\\donot\\AppData\\Local\\Arduino15\\packages\\esp32\\hardware\\esp32\\3.3.7\\variants\\esp32s3\\partitions.csv" COPY "C:\\Users\\donot\\AppData\\Local\\Arduino15\\packages\\esp32\\hardware\\esp32\\3.3.7\\variants\\esp32s3\\partitions.csv" "C:\\Users\\donot\\AppData\\Local\\arduino\\sketches\\B31446632B02B01B7BCD35A44C52C342\\partitions.csv"
cmd /c if not exist "C:\\Users\\donot\\AppData\\Local\\arduino\\sketches\\B31446632B02B01B7BCD35A44C52C342\\partitions.csv" COPY "C:\\Users\\donot\\AppData\\Local\\Arduino15\\packages\\esp32\\hardware\\esp32\\3.3.7\\tools\\partitions\\min_spiffs.csv" "C:\\Users\\donot\\AppData\\Local\\arduino\\sketches\\B31446632B02B01B7BCD35A44C52C342\\partitions.csv"
cmd /c IF EXIST "C:\\Users\\donot\\OneDrive\\Documents\\Arduino\\Mouse_esp32s3\\bootloader.bin" ( COPY /y "C:\\Users\\donot\\OneDrive\\Documents\\Arduino\\Mouse_esp32s3\\bootloader.bin" "C:\\Users\\donot\\AppData\\Local\\arduino\\sketches\\B31446632B02B01B7BCD35A44C52C342\\Mouse_esp32s3.ino.bootloader.bin" ) ELSE ( IF EXIST "C:\\Users\\donot\\AppData\\Local\\Arduino15\\packages\\esp32\\hardware\\esp32\\3.3.7\\variants\\esp32s3\\bootloader.bin" ( COPY "C:\\Users\\donot\\AppData\\Local\\Arduino15\\packages\\esp32\\hardware\\esp32\\3.3.7\\variants\\esp32s3\\bootloader.bin" "C:\\Users\\donot\\AppData\\Local\\arduino\\sketches\\B31446632B02B01B7BCD35A44C52C342\\Mouse_esp32s3.ino.bootloader.bin" ) ELSE ( "C:\\Users\\donot\\AppData\\Local\\Arduino15\\packages\\esp32\\tools\\esptool_py\\5.1.0\\esptool.exe" --chip esp32s3 elf2image --flash-mode dio --flash-freq 80m --flash-size 4MB -o "C:\\Users\\donot\\AppData\\Local\\arduino\\sketches\\B31446632B02B01B7BCD35A44C52C342\\Mouse_esp32s3.ino.bootloader.bin" "C:\\Users\\donot\\AppData\\Local\\Arduino15\\packages\\esp32\\tools\\esp32s3-libs\\3.3.7\\bin\\bootloader_qio_120m.elf" ) )
esptool v5.1.0
Creating ESP32S3 image...
Merged 2 ELF sections.
Successfully created ESP32S3 image.
cmd /c if exist "C:\\Users\\donot\\OneDrive\\Documents\\Arduino\\Mouse_esp32s3\\build_opt.h" COPY /y "C:\\Users\\donot\\OneDrive\\Documents\\Arduino\\Mouse_esp32s3\\build_opt.h" "C:\\Users\\donot\\AppData\\Local\\arduino\\sketches\\B31446632B02B01B7BCD35A44C52C342\\build_opt.h"
cmd /c if not exist "C:\\Users\\donot\\AppData\\Local\\arduino\\sketches\\B31446632B02B01B7BCD35A44C52C342\\build_opt.h" type nul > "C:\\Users\\donot\\AppData\\Local\\arduino\\sketches\\B31446632B02B01B7BCD35A44C52C342\\build_opt.h"
cmd /c type nul > "C:\\Users\\donot\\AppData\\Local\\arduino\\sketches\\B31446632B02B01B7BCD35A44C52C342/file_opts"
cmd /c COPY /y "C:\\Users\\donot\\AppData\\Local\\Arduino15\\packages\\esp32\\tools\\esp32s3-libs\\3.3.7\\sdkconfig" "C:\\Users\\donot\\AppData\\Local\\arduino\\sketches\\B31446632B02B01B7BCD35A44C52C342\\sdkconfig"
        1 file(s) copied.
Detecting libraries used...
C:\Users\donot\AppData\Local\Arduino15\packages\esp32\tools\esp-x32\2511/bin/xtensa-esp32s3-elf-g++ -c @C:\Users\donot\AppData\Local\Arduino15\packages\esp32\tools\esp32s3-libs\3.3.7/flags/cpp_flags -w -Os -Werror=return-type -w -x c++ -E -CC -DF_CPU=240000000L -DARDUINO=10607 -DARDUINO_ESP32S3_DEV -DARDUINO_ARCH_ESP32 -DARDUINO_BOARD="ESP32S3_DEV" -DARDUINO_VARIANT="esp32s3" -DARDUINO_PARTITION_min_spiffs -DARDUINO_HOST_OS="windows" -DARDUINO_FQBN="esp32:esp32:esp32s3:CDCOnBoot=cdc,FlashMode=qio120,PartitionScheme=min_spiffs,LoopCore=0,EventsCore=0" -DESP32=ESP32 -DCORE_DEBUG_LEVEL=0 -DARDUINO_RUNNING_CORE=0 -DARDUINO_EVENT_RUNNING_CORE=0 -DARDUINO_USB_MODE=1 -DARDUINO_USB_CDC_ON_BOOT=1 -DARDUINO_USB_MSC_ON_BOOT=0 -DARDUINO_USB_DFU_ON_BOOT=0 @C:\Users\donot\AppData\Local\Arduino15\packages\esp32\tools\esp32s3-libs\3.3.7/flags/defines -IC:\Users\donot\OneDrive\Documents\Arduino\Mouse_esp32s3 -iprefix C:\Users\donot\AppData\Local\Arduino15\packages\esp32\tools\esp32s3-libs\3.3.7/include/ @C:\Users\donot\AppData\Local\Arduino15\packages\esp32\tools\esp32s3-libs\3.3.7/flags/includes -IC:\Users\donot\AppData\Local\Arduino15\packages\esp32\tools\esp32s3-libs\3.3.7/qio_qspi/include -IC:\Users\donot\AppData\Local\Arduino15\packages\esp32\hardware\esp32\3.3.7\cores\esp32 -IC:\Users\donot\AppData\Local\Arduino15\packages\esp32\hardware\esp32\3.3.7\variants\esp32s3 @C:\Users\donot\AppData\Local\arduino\sketches\B31446632B02B01B7BCD35A44C52C342/build_opt.h @C:\Users\donot\AppData\Local\arduino\sketches\B31446632B02B01B7BCD35A44C52C342/file_opts C:\Users\donot\AppData\Local\arduino\sketches\B31446632B02B01B7BCD35A44C52C342\sketch\Mouse_esp32s3.ino.cpp -o nul
Using cached library dependencies for file: C:\Users\donot\AppData\Local\arduino\sketches\B31446632B02B01B7BCD35A44C52C342\sketch\AppRuntime.cpp
Alternatives for WiFi.h: [WiFi@3.3.7]
ResolveLibrary(WiFi.h)
  -> candidates: [WiFi@3.3.7]
Alternatives for Network.h: [Networking@3.3.7]
ResolveLibrary(Network.h)
  -> candidates: [Networking@3.3.7]
Alternatives for WebServer.h: [WebServer@3.3.7]
ResolveLibrary(WebServer.h)
  -> candidates: [WebServer@3.3.7]
Alternatives for FS.h: [FS@3.3.7]
ResolveLibrary(FS.h)
  -> candidates: [FS@3.3.7]
Alternatives for Wire.h: [Wire@3.3.7]
ResolveLibrary(Wire.h)
  -> candidates: [Wire@3.3.7]
Alternatives for PCF8574.h: [PCF8574@0.4.4]
ResolveLibrary(PCF8574.h)
  -> candidates: [PCF8574@0.4.4]
Alternatives for VL53L0X.h: [VL53L0X@1.3.1]
ResolveLibrary(VL53L0X.h)
  -> candidates: [VL53L0X@1.3.1]
Using cached library dependencies for file: C:\Users\donot\AppData\Local\arduino\sketches\B31446632B02B01B7BCD35A44C52C342\sketch\Battery.cpp
Using cached library dependencies for file: C:\Users\donot\AppData\Local\arduino\sketches\B31446632B02B01B7BCD35A44C52C342\sketch\Config.cpp
Using cached library dependencies for file: C:\Users\donot\AppData\Local\arduino\sketches\B31446632B02B01B7BCD35A44C52C342\sketch\DcMotor.cpp
Using cached library dependencies for file: C:\Users\donot\AppData\Local\arduino\sketches\B31446632B02B01B7BCD35A44C52C342\sketch\FloodFillExplorer.cpp
Using cached library dependencies for file: C:\Users\donot\AppData\Local\arduino\sketches\B31446632B02B01B7BCD35A44C52C342\sketch\LedController.cpp
Alternatives for Adafruit_NeoPixel.h: [Adafruit NeoPixel@1.15.4]
ResolveLibrary(Adafruit_NeoPixel.h)
  -> candidates: [Adafruit NeoPixel@1.15.4]
Using cached library dependencies for file: C:\Users\donot\AppData\Local\arduino\sketches\B31446632B02B01B7BCD35A44C52C342\sketch\MotionController.cpp
Using cached library dependencies for file: C:\Users\donot\AppData\Local\arduino\sketches\B31446632B02B01B7BCD35A44C52C342\sketch\MultiVL53L0X.cpp
Using cached library dependencies for file: C:\Users\donot\AppData\Local\arduino\sketches\B31446632B02B01B7BCD35A44C52C342\sketch\PersistenceStore.cpp
Alternatives for SPIFFS.h: [SPIFFS@3.3.7]
ResolveLibrary(SPIFFS.h)
  -> candidates: [SPIFFS@3.3.7]
Using cached library dependencies for file: C:\Users\donot\AppData\Local\arduino\sketches\B31446632B02B01B7BCD35A44C52C342\sketch\WiFiOtaWebSerial.cpp
Alternatives for ArduinoOTA.h: [ArduinoOTA@3.3.7]
ResolveLibrary(ArduinoOTA.h)
  -> candidates: [ArduinoOTA@3.3.7]
Alternatives for Update.h: [Update@3.3.7]
ResolveLibrary(Update.h)
  -> candidates: [Update@3.3.7]
Alternatives for ESPmDNS.h: [ESPmDNS@3.3.7]
ResolveLibrary(ESPmDNS.h)
  -> candidates: [ESPmDNS@3.3.7]
Using cached library dependencies for file: C:\Users\donot\AppData\Local\Arduino15\packages\esp32\hardware\esp32\3.3.7\libraries\WiFi\src\AP.cpp
Using cached library dependencies for file: C:\Users\donot\AppData\Local\Arduino15\packages\esp32\hardware\esp32\3.3.7\libraries\WiFi\src\STA.cpp
Using cached library dependencies for file: C:\Users\donot\AppData\Local\Arduino15\packages\esp32\hardware\esp32\3.3.7\libraries\WiFi\src\WiFi.cpp
Using cached library dependencies for file: C:\Users\donot\AppData\Local\Arduino15\packages\esp32\hardware\esp32\3.3.7\libraries\WiFi\src\WiFiAP.cpp
Using cached library dependencies for file: C:\Users\donot\AppData\Local\Arduino15\packages\esp32\hardware\esp32\3.3.7\libraries\WiFi\src\WiFiGeneric.cpp
Using cached library dependencies for file: C:\Users\donot\AppData\Local\Arduino15\packages\esp32\hardware\esp32\3.3.7\libraries\WiFi\src\WiFiMulti.cpp
Using cached library dependencies for file: C:\Users\donot\AppData\Local\Arduino15\packages\esp32\hardware\esp32\3.3.7\libraries\WiFi\src\WiFiSTA.cpp
Using cached library dependencies for file: C:\Users\donot\AppData\Local\Arduino15\packages\esp32\hardware\esp32\3.3.7\libraries\WiFi\src\WiFiScan.cpp
Using cached library dependencies for file: C:\Users\donot\AppData\Local\Arduino15\packages\esp32\hardware\esp32\3.3.7\libraries\Network\src\NetworkClient.cpp
Using cached library dependencies for file: C:\Users\donot\AppData\Local\Arduino15\packages\esp32\hardware\esp32\3.3.7\libraries\Network\src\NetworkEvents.cpp
Using cached library dependencies for file: C:\Users\donot\AppData\Local\Arduino15\packages\esp32\hardware\esp32\3.3.7\libraries\Network\src\NetworkInterface.cpp
Using cached library dependencies for file: C:\Users\donot\AppData\Local\Arduino15\packages\esp32\hardware\esp32\3.3.7\libraries\Network\src\NetworkManager.cpp
Using cached library dependencies for file: C:\Users\donot\AppData\Local\Arduino15\packages\esp32\hardware\esp32\3.3.7\libraries\Network\src\NetworkServer.cpp
Using cached library dependencies for file: C:\Users\donot\AppData\Local\Arduino15\packages\esp32\hardware\esp32\3.3.7\libraries\Network\src\NetworkUdp.cpp
Using cached library dependencies for file: C:\Users\donot\AppData\Local\Arduino15\packages\esp32\hardware\esp32\3.3.7\libraries\WebServer\src\Parsing.cpp
Using cached library dependencies for file: C:\Users\donot\AppData\Local\Arduino15\packages\esp32\hardware\esp32\3.3.7\libraries\WebServer\src\WebServer.cpp
Alternatives for SHA1Builder.h: [Hash@3.3.7]
ResolveLibrary(SHA1Builder.h)
  -> candidates: [Hash@3.3.7]
Using cached library dependencies for file: C:\Users\donot\AppData\Local\Arduino15\packages\esp32\hardware\esp32\3.3.7\libraries\WebServer\src\detail\mimetable.cpp
Using cached library dependencies for file: C:\Users\donot\AppData\Local\Arduino15\packages\esp32\hardware\esp32\3.3.7\libraries\WebServer\src\middleware\AuthenticationMiddleware.cpp
Using cached library dependencies for file: C:\Users\donot\AppData\Local\Arduino15\packages\esp32\hardware\esp32\3.3.7\libraries\WebServer\src\middleware\CorsMiddleware.cpp
Using cached library dependencies for file: C:\Users\donot\AppData\Local\Arduino15\packages\esp32\hardware\esp32\3.3.7\libraries\WebServer\src\middleware\LoggingMiddleware.cpp
Using cached library dependencies for file: C:\Users\donot\AppData\Local\Arduino15\packages\esp32\hardware\esp32\3.3.7\libraries\WebServer\src\middleware\MiddlewareChain.cpp
Using cached library dependencies for file: C:\Users\donot\AppData\Local\Arduino15\packages\esp32\hardware\esp32\3.3.7\libraries\FS\src\FS.cpp
Using cached library dependencies for file: C:\Users\donot\AppData\Local\Arduino15\packages\esp32\hardware\esp32\3.3.7\libraries\FS\src\vfs_api.cpp
Using cached library dependencies for file: C:\Users\donot\AppData\Local\Arduino15\packages\esp32\hardware\esp32\3.3.7\libraries\Wire\src\Wire.cpp
Using cached library dependencies for file: C:\Users\donot\OneDrive\Documents\Arduino\libraries\PCF8574\PCF8574.cpp
Using cached library dependencies for file: C:\Users\donot\OneDrive\Documents\Arduino\libraries\VL53L0X\VL53L0X.cpp
Using cached library dependencies for file: C:\Users\donot\OneDrive\Documents\Arduino\libraries\Adafruit_NeoPixel\Adafruit_NeoPixel.cpp
Using cached library dependencies for file: C:\Users\donot\OneDrive\Documents\Arduino\libraries\Adafruit_NeoPixel\Adafruit_Neopixel_RP2.cpp
Using cached library dependencies for file: C:\Users\donot\OneDrive\Documents\Arduino\libraries\Adafruit_NeoPixel\esp.c
Using cached library dependencies for file: C:\Users\donot\OneDrive\Documents\Arduino\libraries\Adafruit_NeoPixel\esp8266.c
Using cached library dependencies for file: C:\Users\donot\OneDrive\Documents\Arduino\libraries\Adafruit_NeoPixel\kendyte_k210.c
Using cached library dependencies for file: C:\Users\donot\OneDrive\Documents\Arduino\libraries\Adafruit_NeoPixel\psoc6.c
Using cached library dependencies for file: C:\Users\donot\AppData\Local\Arduino15\packages\esp32\hardware\esp32\3.3.7\libraries\SPIFFS\src\SPIFFS.cpp
Using cached library dependencies for file: C:\Users\donot\AppData\Local\Arduino15\packages\esp32\hardware\esp32\3.3.7\libraries\ArduinoOTA\src\ArduinoOTA.cpp
Using cached library dependencies for file: C:\Users\donot\AppData\Local\Arduino15\packages\esp32\hardware\esp32\3.3.7\libraries\Update\src\HttpsOTAUpdate.cpp
Using cached library dependencies for file: C:\Users\donot\AppData\Local\Arduino15\packages\esp32\hardware\esp32\3.3.7\libraries\Update\src\Updater.cpp
Using cached library dependencies for file: C:\Users\donot\AppData\Local\Arduino15\packages\esp32\hardware\esp32\3.3.7\libraries\Update\src\Updater_Signing.cpp
Using cached library dependencies for file: C:\Users\donot\AppData\Local\Arduino15\packages\esp32\hardware\esp32\3.3.7\libraries\ESPmDNS\src\ESPmDNS.cpp
Using cached library dependencies for file: C:\Users\donot\AppData\Local\Arduino15\packages\esp32\hardware\esp32\3.3.7\libraries\Hash\src\PBKDF2_HMACBuilder.cpp
Using cached library dependencies for file: C:\Users\donot\AppData\Local\Arduino15\packages\esp32\hardware\esp32\3.3.7\libraries\Hash\src\SHA1Builder.cpp
Using cached library dependencies for file: C:\Users\donot\AppData\Local\Arduino15\packages\esp32\hardware\esp32\3.3.7\libraries\Hash\src\SHA2Builder.cpp
Using cached library dependencies for file: C:\Users\donot\AppData\Local\Arduino15\packages\esp32\hardware\esp32\3.3.7\libraries\Hash\src\SHA3Builder.cpp
Generating function prototypes...
C:\Users\donot\AppData\Local\Arduino15\packages\esp32\tools\esp-x32\2511/bin/xtensa-esp32s3-elf-g++ -c @C:\Users\donot\AppData\Local\Arduino15\packages\esp32\tools\esp32s3-libs\3.3.7/flags/cpp_flags -w -Os -Werror=return-type -w -x c++ -E -CC -DF_CPU=240000000L -DARDUINO=10607 -DARDUINO_ESP32S3_DEV -DARDUINO_ARCH_ESP32 -DARDUINO_BOARD="ESP32S3_DEV" -DARDUINO_VARIANT="esp32s3" -DARDUINO_PARTITION_min_spiffs -DARDUINO_HOST_OS="windows" -DARDUINO_FQBN="esp32:esp32:esp32s3:CDCOnBoot=cdc,FlashMode=qio120,PartitionScheme=min_spiffs,LoopCore=0,EventsCore=0" -DESP32=ESP32 -DCORE_DEBUG_LEVEL=0 -DARDUINO_RUNNING_CORE=0 -DARDUINO_EVENT_RUNNING_CORE=0 -DARDUINO_USB_MODE=1 -DARDUINO_USB_CDC_ON_BOOT=1 -DARDUINO_USB_MSC_ON_BOOT=0 -DARDUINO_USB_DFU_ON_BOOT=0 @C:\Users\donot\AppData\Local\Arduino15\packages\esp32\tools\esp32s3-libs\3.3.7/flags/defines -IC:\Users\donot\OneDrive\Documents\Arduino\Mouse_esp32s3 -iprefix C:\Users\donot\AppData\Local\Arduino15\packages\esp32\tools\esp32s3-libs\3.3.7/include/ @C:\Users\donot\AppData\Local\Arduino15\packages\esp32\tools\esp32s3-libs\3.3.7/flags/includes -IC:\Users\donot\AppData\Local\Arduino15\packages\esp32\tools\esp32s3-libs\3.3.7/qio_qspi/include -IC:\Users\donot\AppData\Local\Arduino15\packages\esp32\hardware\esp32\3.3.7\cores\esp32 -IC:\Users\donot\AppData\Local\Arduino15\packages\esp32\hardware\esp32\3.3.7\variants\esp32s3 -IC:\Users\donot\AppData\Local\Arduino15\packages\esp32\hardware\esp32\3.3.7\libraries\WiFi\src -IC:\Users\donot\AppData\Local\Arduino15\packages\esp32\hardware\esp32\3.3.7\libraries\Network\src -IC:\Users\donot\AppData\Local\Arduino15\packages\esp32\hardware\esp32\3.3.7\libraries\WebServer\src -IC:\Users\donot\AppData\Local\Arduino15\packages\esp32\hardware\esp32\3.3.7\libraries\FS\src -IC:\Users\donot\AppData\Local\Arduino15\packages\esp32\hardware\esp32\3.3.7\libraries\Wire\src -IC:\Users\donot\OneDrive\Documents\Arduino\libraries\PCF8574 -IC:\Users\donot\OneDrive\Documents\Arduino\libraries\VL53L0X -IC:\Users\donot\OneDrive\Documents\Arduino\libraries\Adafruit_NeoPixel -IC:\Users\donot\AppData\Local\Arduino15\packages\esp32\hardware\esp32\3.3.7\libraries\SPIFFS\src -IC:\Users\donot\AppData\Local\Arduino15\packages\esp32\hardware\esp32\3.3.7\libraries\ArduinoOTA\src -IC:\Users\donot\AppData\Local\Arduino15\packages\esp32\hardware\esp32\3.3.7\libraries\Update\src -IC:\Users\donot\AppData\Local\Arduino15\packages\esp32\hardware\esp32\3.3.7\libraries\ESPmDNS\src -IC:\Users\donot\AppData\Local\Arduino15\packages\esp32\hardware\esp32\3.3.7\libraries\Hash\src @C:\Users\donot\AppData\Local\arduino\sketches\B31446632B02B01B7BCD35A44C52C342/build_opt.h @C:\Users\donot\AppData\Local\arduino\sketches\B31446632B02B01B7BCD35A44C52C342/file_opts C:\Users\donot\AppData\Local\arduino\sketches\B31446632B02B01B7BCD35A44C52C342\sketch\Mouse_esp32s3.ino.cpp -o C:\Users\donot\AppData\Local\Temp\3715603931\sketch_merged.cpp
C:\Users\donot\AppData\Local\Arduino15\packages\builtin\tools\ctags\5.8-arduino11/ctags -u --language-force=c++ -f - --c++-kinds=svpf --fields=KSTtzns --line-directives C:\Users\donot\AppData\Local\Temp\3715603931\sketch_merged.cpp

Compiling sketch...
"C:\\Users\\donot\\AppData\\Local\\Arduino15\\packages\\esp32\\tools\\esp-x32\\2511/bin/xtensa-esp32s3-elf-g++" -MMD -c "@C:\\Users\\donot\\AppData\\Local\\Arduino15\\packages\\esp32\\tools\\esp32s3-libs\\3.3.7/flags/cpp_flags" -w -Os -Werror=return-type -DF_CPU=240000000L -DARDUINO=10607 -DARDUINO_ESP32S3_DEV -DARDUINO_ARCH_ESP32 "-DARDUINO_BOARD=\"ESP32S3_DEV\"" "-DARDUINO_VARIANT=\"esp32s3\"" -DARDUINO_PARTITION_min_spiffs "-DARDUINO_HOST_OS=\"windows\"" "-DARDUINO_FQBN=\"esp32:esp32:esp32s3:CDCOnBoot=cdc,FlashMode=qio120,PartitionScheme=min_spiffs,LoopCore=0,EventsCore=0\"" -DESP32=ESP32 -DCORE_DEBUG_LEVEL=0 -DARDUINO_RUNNING_CORE=0 -DARDUINO_EVENT_RUNNING_CORE=0 -DARDUINO_USB_MODE=1 -DARDUINO_USB_CDC_ON_BOOT=1 -DARDUINO_USB_MSC_ON_BOOT=0 -DARDUINO_USB_DFU_ON_BOOT=0 "@C:\\Users\\donot\\AppData\\Local\\Arduino15\\packages\\esp32\\tools\\esp32s3-libs\\3.3.7/flags/defines" "-IC:\\Users\\donot\\OneDrive\\Documents\\Arduino\\Mouse_esp32s3" -iprefix "C:\\Users\\donot\\AppData\\Local\\Arduino15\\packages\\esp32\\tools\\esp32s3-libs\\3.3.7/include/" "@C:\\Users\\donot\\AppData\\Local\\Arduino15\\packages\\esp32\\tools\\esp32s3-libs\\3.3.7/flags/includes" "-IC:\\Users\\donot\\AppData\\Local\\Arduino15\\packages\\esp32\\tools\\esp32s3-libs\\3.3.7/qio_qspi/include" "-IC:\\Users\\donot\\AppData\\Local\\Arduino15\\packages\\esp32\\hardware\\esp32\\3.3.7\\cores\\esp32" "-IC:\\Users\\donot\\AppData\\Local\\Arduino15\\packages\\esp32\\hardware\\esp32\\3.3.7\\variants\\esp32s3" "-IC:\\Users\\donot\\AppData\\Local\\Arduino15\\packages\\esp32\\hardware\\esp32\\3.3.7\\libraries\\WiFi\\src" "-IC:\\Users\\donot\\AppData\\Local\\Arduino15\\packages\\esp32\\hardware\\esp32\\3.3.7\\libraries\\Network\\src" "-IC:\\Users\\donot\\AppData\\Local\\Arduino15\\packages\\esp32\\hardware\\esp32\\3.3.7\\libraries\\WebServer\\src" "-IC:\\Users\\donot\\AppData\\Local\\Arduino15\\packages\\esp32\\hardware\\esp32\\3.3.7\\libraries\\FS\\src" "-IC:\\Users\\donot\\AppData\\Local\\Arduino15\\packages\\esp32\\hardware\\esp32\\3.3.7\\libraries\\Wire\\src" "-IC:\\Users\\donot\\OneDrive\\Documents\\Arduino\\libraries\\PCF8574" "-IC:\\Users\\donot\\OneDrive\\Documents\\Arduino\\libraries\\VL53L0X" "-IC:\\Users\\donot\\OneDrive\\Documents\\Arduino\\libraries\\Adafruit_NeoPixel" "-IC:\\Users\\donot\\AppData\\Local\\Arduino15\\packages\\esp32\\hardware\\esp32\\3.3.7\\libraries\\SPIFFS\\src" "-IC:\\Users\\donot\\AppData\\Local\\Arduino15\\packages\\esp32\\hardware\\esp32\\3.3.7\\libraries\\ArduinoOTA\\src" "-IC:\\Users\\donot\\AppData\\Local\\Arduino15\\packages\\esp32\\hardware\\esp32\\3.3.7\\libraries\\Update\\src" "-IC:\\Users\\donot\\AppData\\Local\\Arduino15\\packages\\esp32\\hardware\\esp32\\3.3.7\\libraries\\ESPmDNS\\src" "-IC:\\Users\\donot\\AppData\\Local\\Arduino15\\packages\\esp32\\hardware\\esp32\\3.3.7\\libraries\\Hash\\src" "@C:\\Users\\donot\\AppData\\Local\\arduino\\sketches\\B31446632B02B01B7BCD35A44C52C342/build_opt.h" "@C:\\Users\\donot\\AppData\\Local\\arduino\\sketches\\B31446632B02B01B7BCD35A44C52C342/file_opts" "C:\\Users\\donot\\AppData\\Local\\arduino\\sketches\\B31446632B02B01B7BCD35A44C52C342\\sketch\\Mouse_esp32s3.ino.cpp" -o "C:\\Users\\donot\\AppData\\Local\\arduino\\sketches\\B31446632B02B01B7BCD35A44C52C342\\sketch\\Mouse_esp32s3.ino.cpp.o"
Using previously compiled file: C:\Users\donot\AppData\Local\arduino\sketches\B31446632B02B01B7BCD35A44C52C342\sketch\LedController.cpp.o
Using previously compiled file: C:\Users\donot\AppData\Local\arduino\sketches\B31446632B02B01B7BCD35A44C52C342\sketch\Battery.cpp.o
Using previously compiled file: C:\Users\donot\AppData\Local\arduino\sketches\B31446632B02B01B7BCD35A44C52C342\sketch\MotionController.cpp.o
Using previously compiled file: C:\Users\donot\AppData\Local\arduino\sketches\B31446632B02B01B7BCD35A44C52C342\sketch\PersistenceStore.cpp.o
Using previously compiled file: C:\Users\donot\AppData\Local\arduino\sketches\B31446632B02B01B7BCD35A44C52C342\sketch\DcMotor.cpp.o
Using previously compiled file: C:\Users\donot\AppData\Local\arduino\sketches\B31446632B02B01B7BCD35A44C52C342\sketch\Config.cpp.o
Using previously compiled file: C:\Users\donot\AppData\Local\arduino\sketches\B31446632B02B01B7BCD35A44C52C342\sketch\WiFiOtaWebSerial.cpp.o
Using previously compiled file: C:\Users\donot\AppData\Local\arduino\sketches\B31446632B02B01B7BCD35A44C52C342\sketch\AppRuntime.cpp.o
Using previously compiled file: C:\Users\donot\AppData\Local\arduino\sketches\B31446632B02B01B7BCD35A44C52C342\sketch\MultiVL53L0X.cpp.o
Using previously compiled file: C:\Users\donot\AppData\Local\arduino\sketches\B31446632B02B01B7BCD35A44C52C342\sketch\FloodFillExplorer.cpp.o
Compiling libraries...
Compiling library "WiFi"
Using previously compiled file: C:\Users\donot\AppData\Local\arduino\sketches\B31446632B02B01B7BCD35A44C52C342\libraries\WiFi\WiFiScan.cpp.o
Using previously compiled file: C:\Users\donot\AppData\Local\arduino\sketches\B31446632B02B01B7BCD35A44C52C342\libraries\WiFi\STA.cpp.o
Using previously compiled file: C:\Users\donot\AppData\Local\arduino\sketches\B31446632B02B01B7BCD35A44C52C342\libraries\WiFi\AP.cpp.o
Using previously compiled file: C:\Users\donot\AppData\Local\arduino\sketches\B31446632B02B01B7BCD35A44C52C342\libraries\WiFi\WiFi.cpp.o
Using previously compiled file: C:\Users\donot\AppData\Local\arduino\sketches\B31446632B02B01B7BCD35A44C52C342\libraries\WiFi\WiFiAP.cpp.o
Using previously compiled file: C:\Users\donot\AppData\Local\arduino\sketches\B31446632B02B01B7BCD35A44C52C342\libraries\WiFi\WiFiSTA.cpp.o
Using previously compiled file: C:\Users\donot\AppData\Local\arduino\sketches\B31446632B02B01B7BCD35A44C52C342\libraries\WiFi\WiFiMulti.cpp.o
Using previously compiled file: C:\Users\donot\AppData\Local\arduino\sketches\B31446632B02B01B7BCD35A44C52C342\libraries\WiFi\WiFiGeneric.cpp.o
Compiling library "Networking"
Using previously compiled file: C:\Users\donot\AppData\Local\arduino\sketches\B31446632B02B01B7BCD35A44C52C342\libraries\Network\NetworkEvents.cpp.o
Using previously compiled file: C:\Users\donot\AppData\Local\arduino\sketches\B31446632B02B01B7BCD35A44C52C342\libraries\Network\NetworkServer.cpp.o
Using previously compiled file: C:\Users\donot\AppData\Local\arduino\sketches\B31446632B02B01B7BCD35A44C52C342\libraries\Network\NetworkClient.cpp.o
Using previously compiled file: C:\Users\donot\AppData\Local\arduino\sketches\B31446632B02B01B7BCD35A44C52C342\libraries\Network\NetworkUdp.cpp.o
Using previously compiled file: C:\Users\donot\AppData\Local\arduino\sketches\B31446632B02B01B7BCD35A44C52C342\libraries\Network\NetworkInterface.cpp.o
Using previously compiled file: C:\Users\donot\AppData\Local\arduino\sketches\B31446632B02B01B7BCD35A44C52C342\libraries\Network\NetworkManager.cpp.o
Compiling library "WebServer"
Using previously compiled file: C:\Users\donot\AppData\Local\arduino\sketches\B31446632B02B01B7BCD35A44C52C342\libraries\WebServer\detail\mimetable.cpp.o
Using previously compiled file: C:\Users\donot\AppData\Local\arduino\sketches\B31446632B02B01B7BCD35A44C52C342\libraries\WebServer\middleware\MiddlewareChain.cpp.o
Using previously compiled file: C:\Users\donot\AppData\Local\arduino\sketches\B31446632B02B01B7BCD35A44C52C342\libraries\WebServer\middleware\CorsMiddleware.cpp.o
Using previously compiled file: C:\Users\donot\AppData\Local\arduino\sketches\B31446632B02B01B7BCD35A44C52C342\libraries\WebServer\Parsing.cpp.o
Using previously compiled file: C:\Users\donot\AppData\Local\arduino\sketches\B31446632B02B01B7BCD35A44C52C342\libraries\WebServer\middleware\LoggingMiddleware.cpp.o
Using previously compiled file: C:\Users\donot\AppData\Local\arduino\sketches\B31446632B02B01B7BCD35A44C52C342\libraries\WebServer\middleware\AuthenticationMiddleware.cpp.o
Using previously compiled file: C:\Users\donot\AppData\Local\arduino\sketches\B31446632B02B01B7BCD35A44C52C342\libraries\WebServer\WebServer.cpp.o
Compiling library "FS"
Using previously compiled file: C:\Users\donot\AppData\Local\arduino\sketches\B31446632B02B01B7BCD35A44C52C342\libraries\FS\FS.cpp.o
Using previously compiled file: C:\Users\donot\AppData\Local\arduino\sketches\B31446632B02B01B7BCD35A44C52C342\libraries\FS\vfs_api.cpp.o
Compiling library "Wire"
Using previously compiled file: C:\Users\donot\AppData\Local\arduino\sketches\B31446632B02B01B7BCD35A44C52C342\libraries\Wire\Wire.cpp.o
Compiling library "PCF8574"
Using previously compiled file: C:\Users\donot\AppData\Local\arduino\sketches\B31446632B02B01B7BCD35A44C52C342\libraries\PCF8574\PCF8574.cpp.o
Compiling library "VL53L0X"
Using previously compiled file: C:\Users\donot\AppData\Local\arduino\sketches\B31446632B02B01B7BCD35A44C52C342\libraries\VL53L0X\VL53L0X.cpp.o
Compiling library "Adafruit NeoPixel"
Using previously compiled file: C:\Users\donot\AppData\Local\arduino\sketches\B31446632B02B01B7BCD35A44C52C342\libraries\Adafruit_NeoPixel\Adafruit_Neopixel_RP2.cpp.o
Using previously compiled file: C:\Users\donot\AppData\Local\arduino\sketches\B31446632B02B01B7BCD35A44C52C342\libraries\Adafruit_NeoPixel\esp8266.c.o
Using previously compiled file: C:\Users\donot\AppData\Local\arduino\sketches\B31446632B02B01B7BCD35A44C52C342\libraries\Adafruit_NeoPixel\psoc6.c.o
Using previously compiled file: C:\Users\donot\AppData\Local\arduino\sketches\B31446632B02B01B7BCD35A44C52C342\libraries\Adafruit_NeoPixel\kendyte_k210.c.o
Using previously compiled file: C:\Users\donot\AppData\Local\arduino\sketches\B31446632B02B01B7BCD35A44C52C342\libraries\Adafruit_NeoPixel\esp.c.o
Using previously compiled file: C:\Users\donot\AppData\Local\arduino\sketches\B31446632B02B01B7BCD35A44C52C342\libraries\Adafruit_NeoPixel\Adafruit_NeoPixel.cpp.o
Compiling library "SPIFFS"
Using previously compiled file: C:\Users\donot\AppData\Local\arduino\sketches\B31446632B02B01B7BCD35A44C52C342\libraries\SPIFFS\SPIFFS.cpp.o
Compiling library "ArduinoOTA"
Using previously compiled file: C:\Users\donot\AppData\Local\arduino\sketches\B31446632B02B01B7BCD35A44C52C342\libraries\ArduinoOTA\ArduinoOTA.cpp.o
Compiling library "Update"
Using previously compiled file: C:\Users\donot\AppData\Local\arduino\sketches\B31446632B02B01B7BCD35A44C52C342\libraries\Update\Updater_Signing.cpp.o
Using previously compiled file: C:\Users\donot\AppData\Local\arduino\sketches\B31446632B02B01B7BCD35A44C52C342\libraries\Update\HttpsOTAUpdate.cpp.o
Using previously compiled file: C:\Users\donot\AppData\Local\arduino\sketches\B31446632B02B01B7BCD35A44C52C342\libraries\Update\Updater.cpp.o
Compiling library "ESPmDNS"
Using previously compiled file: C:\Users\donot\AppData\Local\arduino\sketches\B31446632B02B01B7BCD35A44C52C342\libraries\ESPmDNS\ESPmDNS.cpp.o
Compiling library "Hash"
Using previously compiled file: C:\Users\donot\AppData\Local\arduino\sketches\B31446632B02B01B7BCD35A44C52C342\libraries\Hash\SHA3Builder.cpp.o
Using previously compiled file: C:\Users\donot\AppData\Local\arduino\sketches\B31446632B02B01B7BCD35A44C52C342\libraries\Hash\SHA2Builder.cpp.o
Using previously compiled file: C:\Users\donot\AppData\Local\arduino\sketches\B31446632B02B01B7BCD35A44C52C342\libraries\Hash\SHA1Builder.cpp.o
Using previously compiled file: C:\Users\donot\AppData\Local\arduino\sketches\B31446632B02B01B7BCD35A44C52C342\libraries\Hash\PBKDF2_HMACBuilder.cpp.o
Compiling core...
cmd /c echo -DARDUINO_CORE_BUILD > "C:\\Users\\donot\\AppData\\Local\\arduino\\sketches\\B31446632B02B01B7BCD35A44C52C342/file_opts"
Using precompiled core: C:\Users\donot\AppData\Local\arduino\cores\e67ccbc45b03837dcb4603f13fd2e300\core.a
cmd /c type nul > "C:\\Users\\donot\\AppData\\Local\\arduino\\sketches\\B31446632B02B01B7BCD35A44C52C342/file_opts"
Linking everything together...
"C:\\Users\\donot\\AppData\\Local\\Arduino15\\packages\\esp32\\tools\\esp-x32\\2511/bin/xtensa-esp32s3-elf-g++" "-Wl,--Map=C:\\Users\\donot\\AppData\\Local\\arduino\\sketches\\B31446632B02B01B7BCD35A44C52C342/Mouse_esp32s3.ino.map" "-LC:\\Users\\donot\\AppData\\Local\\Arduino15\\packages\\esp32\\tools\\esp32s3-libs\\3.3.7/lib" "-LC:\\Users\\donot\\AppData\\Local\\Arduino15\\packages\\esp32\\tools\\esp32s3-libs\\3.3.7/ld" "-LC:\\Users\\donot\\AppData\\Local\\Arduino15\\packages\\esp32\\tools\\esp32s3-libs\\3.3.7/qio_qspi" -Wl,--wrap=esp_panic_handler "@C:\\Users\\donot\\AppData\\Local\\Arduino15\\packages\\esp32\\tools\\esp32s3-libs\\3.3.7/flags/ld_flags" "@C:\\Users\\donot\\AppData\\Local\\Arduino15\\packages\\esp32\\tools\\esp32s3-libs\\3.3.7/flags/ld_scripts" -Wl,--start-group "C:\\Users\\donot\\AppData\\Local\\arduino\\sketches\\B31446632B02B01B7BCD35A44C52C342\\sketch\\AppRuntime.cpp.o" "C:\\Users\\donot\\AppData\\Local\\arduino\\sketches\\B31446632B02B01B7BCD35A44C52C342\\sketch\\Battery.cpp.o" "C:\\Users\\donot\\AppData\\Local\\arduino\\sketches\\B31446632B02B01B7BCD35A44C52C342\\sketch\\Config.cpp.o" "C:\\Users\\donot\\AppData\\Local\\arduino\\sketches\\B31446632B02B01B7BCD35A44C52C342\\sketch\\DcMotor.cpp.o" "C:\\Users\\donot\\AppData\\Local\\arduino\\sketches\\B31446632B02B01B7BCD35A44C52C342\\sketch\\FloodFillExplorer.cpp.o" "C:\\Users\\donot\\AppData\\Local\\arduino\\sketches\\B31446632B02B01B7BCD35A44C52C342\\sketch\\LedController.cpp.o" "C:\\Users\\donot\\AppData\\Local\\arduino\\sketches\\B31446632B02B01B7BCD35A44C52C342\\sketch\\MotionController.cpp.o" "C:\\Users\\donot\\AppData\\Local\\arduino\\sketches\\B31446632B02B01B7BCD35A44C52C342\\sketch\\Mouse_esp32s3.ino.cpp.o" "C:\\Users\\donot\\AppData\\Local\\arduino\\sketches\\B31446632B02B01B7BCD35A44C52C342\\sketch\\MultiVL53L0X.cpp.o" "C:\\Users\\donot\\AppData\\Local\\arduino\\sketches\\B31446632B02B01B7BCD35A44C52C342\\sketch\\PersistenceStore.cpp.o" "C:\\Users\\donot\\AppData\\Local\\arduino\\sketches\\B31446632B02B01B7BCD35A44C52C342\\sketch\\WiFiOtaWebSerial.cpp.o" "C:\\Users\\donot\\AppData\\Local\\arduino\\sketches\\B31446632B02B01B7BCD35A44C52C342\\libraries\\WiFi\\AP.cpp.o" "C:\\Users\\donot\\AppData\\Local\\arduino\\sketches\\B31446632B02B01B7BCD35A44C52C342\\libraries\\WiFi\\STA.cpp.o" "C:\\Users\\donot\\AppData\\Local\\arduino\\sketches\\B31446632B02B01B7BCD35A44C52C342\\libraries\\WiFi\\WiFi.cpp.o" "C:\\Users\\donot\\AppData\\Local\\arduino\\sketches\\B31446632B02B01B7BCD35A44C52C342\\libraries\\WiFi\\WiFiAP.cpp.o" "C:\\Users\\donot\\AppData\\Local\\arduino\\sketches\\B31446632B02B01B7BCD35A44C52C342\\libraries\\WiFi\\WiFiGeneric.cpp.o" "C:\\Users\\donot\\AppData\\Local\\arduino\\sketches\\B31446632B02B01B7BCD35A44C52C342\\libraries\\WiFi\\WiFiMulti.cpp.o" "C:\\Users\\donot\\AppData\\Local\\arduino\\sketches\\B31446632B02B01B7BCD35A44C52C342\\libraries\\WiFi\\WiFiSTA.cpp.o" "C:\\Users\\donot\\AppData\\Local\\arduino\\sketches\\B31446632B02B01B7BCD35A44C52C342\\libraries\\WiFi\\WiFiScan.cpp.o" "C:\\Users\\donot\\AppData\\Local\\arduino\\sketches\\B31446632B02B01B7BCD35A44C52C342\\libraries\\Network\\NetworkClient.cpp.o" "C:\\Users\\donot\\AppData\\Local\\arduino\\sketches\\B31446632B02B01B7BCD35A44C52C342\\libraries\\Network\\NetworkEvents.cpp.o" "C:\\Users\\donot\\AppData\\Local\\arduino\\sketches\\B31446632B02B01B7BCD35A44C52C342\\libraries\\Network\\NetworkInterface.cpp.o" "C:\\Users\\donot\\AppData\\Local\\arduino\\sketches\\B31446632B02B01B7BCD35A44C52C342\\libraries\\Network\\NetworkManager.cpp.o" "C:\\Users\\donot\\AppData\\Local\\arduino\\sketches\\B31446632B02B01B7BCD35A44C52C342\\libraries\\Network\\NetworkServer.cpp.o" "C:\\Users\\donot\\AppData\\Local\\arduino\\sketches\\B31446632B02B01B7BCD35A44C52C342\\libraries\\Network\\NetworkUdp.cpp.o" "C:\\Users\\donot\\AppData\\Local\\arduino\\sketches\\B31446632B02B01B7BCD35A44C52C342\\libraries\\WebServer\\Parsing.cpp.o" "C:\\Users\\donot\\AppData\\Local\\arduino\\sketches\\B31446632B02B01B7BCD35A44C52C342\\libraries\\WebServer\\WebServer.cpp.o" "C:\\Users\\donot\\AppData\\Local\\arduino\\sketches\\B31446632B02B01B7BCD35A44C52C342\\libraries\\WebServer\\detail\\mimetable.cpp.o" "C:\\Users\\donot\\AppData\\Local\\arduino\\sketches\\B31446632B02B01B7BCD35A44C52C342\\libraries\\WebServer\\middleware\\AuthenticationMiddleware.cpp.o" "C:\\Users\\donot\\AppData\\Local\\arduino\\sketches\\B31446632B02B01B7BCD35A44C52C342\\libraries\\WebServer\\middleware\\CorsMiddleware.cpp.o" "C:\\Users\\donot\\AppData\\Local\\arduino\\sketches\\B31446632B02B01B7BCD35A44C52C342\\libraries\\WebServer\\middleware\\LoggingMiddleware.cpp.o" "C:\\Users\\donot\\AppData\\Local\\arduino\\sketches\\B31446632B02B01B7BCD35A44C52C342\\libraries\\WebServer\\middleware\\MiddlewareChain.cpp.o" "C:\\Users\\donot\\AppData\\Local\\arduino\\sketches\\B31446632B02B01B7BCD35A44C52C342\\libraries\\FS\\FS.cpp.o" "C:\\Users\\donot\\AppData\\Local\\arduino\\sketches\\B31446632B02B01B7BCD35A44C52C342\\libraries\\FS\\vfs_api.cpp.o" "C:\\Users\\donot\\AppData\\Local\\arduino\\sketches\\B31446632B02B01B7BCD35A44C52C342\\libraries\\Wire\\Wire.cpp.o" "C:\\Users\\donot\\AppData\\Local\\arduino\\sketches\\B31446632B02B01B7BCD35A44C52C342\\libraries\\PCF8574\\PCF8574.cpp.o" "C:\\Users\\donot\\AppData\\Local\\arduino\\sketches\\B31446632B02B01B7BCD35A44C52C342\\libraries\\VL53L0X\\VL53L0X.cpp.o" "C:\\Users\\donot\\AppData\\Local\\arduino\\sketches\\B31446632B02B01B7BCD35A44C52C342\\libraries\\Adafruit_NeoPixel\\Adafruit_NeoPixel.cpp.o" "C:\\Users\\donot\\AppData\\Local\\arduino\\sketches\\B31446632B02B01B7BCD35A44C52C342\\libraries\\Adafruit_NeoPixel\\Adafruit_Neopixel_RP2.cpp.o" "C:\\Users\\donot\\AppData\\Local\\arduino\\sketches\\B31446632B02B01B7BCD35A44C52C342\\libraries\\Adafruit_NeoPixel\\esp.c.o" "C:\\Users\\donot\\AppData\\Local\\arduino\\sketches\\B31446632B02B01B7BCD35A44C52C342\\libraries\\Adafruit_NeoPixel\\esp8266.c.o" "C:\\Users\\donot\\AppData\\Local\\arduino\\sketches\\B31446632B02B01B7BCD35A44C52C342\\libraries\\Adafruit_NeoPixel\\kendyte_k210.c.o" "C:\\Users\\donot\\AppData\\Local\\arduino\\sketches\\B31446632B02B01B7BCD35A44C52C342\\libraries\\Adafruit_NeoPixel\\psoc6.c.o" "C:\\Users\\donot\\AppData\\Local\\arduino\\sketches\\B31446632B02B01B7BCD35A44C52C342\\libraries\\SPIFFS\\SPIFFS.cpp.o" "C:\\Users\\donot\\AppData\\Local\\arduino\\sketches\\B31446632B02B01B7BCD35A44C52C342\\libraries\\ArduinoOTA\\ArduinoOTA.cpp.o" "C:\\Users\\donot\\AppData\\Local\\arduino\\sketches\\B31446632B02B01B7BCD35A44C52C342\\libraries\\Update\\HttpsOTAUpdate.cpp.o" "C:\\Users\\donot\\AppData\\Local\\arduino\\sketches\\B31446632B02B01B7BCD35A44C52C342\\libraries\\Update\\Updater.cpp.o" "C:\\Users\\donot\\AppData\\Local\\arduino\\sketches\\B31446632B02B01B7BCD35A44C52C342\\libraries\\Update\\Updater_Signing.cpp.o" "C:\\Users\\donot\\AppData\\Local\\arduino\\sketches\\B31446632B02B01B7BCD35A44C52C342\\libraries\\ESPmDNS\\ESPmDNS.cpp.o" "C:\\Users\\donot\\AppData\\Local\\arduino\\sketches\\B31446632B02B01B7BCD35A44C52C342\\libraries\\Hash\\PBKDF2_HMACBuilder.cpp.o" "C:\\Users\\donot\\AppData\\Local\\arduino\\sketches\\B31446632B02B01B7BCD35A44C52C342\\libraries\\Hash\\SHA1Builder.cpp.o" "C:\\Users\\donot\\AppData\\Local\\arduino\\sketches\\B31446632B02B01B7BCD35A44C52C342\\libraries\\Hash\\SHA2Builder.cpp.o" "C:\\Users\\donot\\AppData\\Local\\arduino\\sketches\\B31446632B02B01B7BCD35A44C52C342\\libraries\\Hash\\SHA3Builder.cpp.o" "C:\\Users\\donot\\AppData\\Local\\arduino\\cores\\e67ccbc45b03837dcb4603f13fd2e300\\core.a" "@C:\\Users\\donot\\AppData\\Local\\Arduino15\\packages\\esp32\\tools\\esp32s3-libs\\3.3.7/flags/ld_libs" -Wl,--end-group -Wl,-EL -o "C:\\Users\\donot\\AppData\\Local\\arduino\\sketches\\B31446632B02B01B7BCD35A44C52C342/Mouse_esp32s3.ino.elf"
"C:\\Users\\donot\\AppData\\Local\\Arduino15\\packages\\esp32\\tools\\esptool_py\\5.1.0/esptool.exe" --chip esp32s3 elf2image --flash-mode dio --flash-freq 80m --flash-size 4MB --elf-sha256-offset 0xb0 -o "C:\\Users\\donot\\AppData\\Local\\arduino\\sketches\\B31446632B02B01B7BCD35A44C52C342/Mouse_esp32s3.ino.bin" "C:\\Users\\donot\\AppData\\Local\\arduino\\sketches\\B31446632B02B01B7BCD35A44C52C342/Mouse_esp32s3.ino.elf"
esptool v5.1.0
Creating ESP32S3 image...
Merged 2 ELF sections.
Successfully created ESP32S3 image.
"C:\\Users\\donot\\AppData\\Local\\Arduino15\\packages\\esp32\\hardware\\esp32\\3.3.7\\tools\\gen_esp32part.exe" -q "C:\\Users\\donot\\AppData\\Local\\arduino\\sketches\\B31446632B02B01B7BCD35A44C52C342/partitions.csv" "C:\\Users\\donot\\AppData\\Local\\arduino\\sketches\\B31446632B02B01B7BCD35A44C52C342/Mouse_esp32s3.ino.partitions.bin"
cmd /c if exist "C:\\Users\\donot\\AppData\\Local\\arduino\\sketches\\B31446632B02B01B7BCD35A44C52C342\\libraries\\Insights" "C:\\Users\\donot\\AppData\\Local\\Arduino15\\packages\\esp32\\hardware\\esp32\\3.3.7\\tools\\gen_insights_package.exe" "C:\\Users\\donot\\AppData\\Local\\arduino\\sketches\\B31446632B02B01B7BCD35A44C52C342" Mouse_esp32s3.ino "C:\\Users\\donot\\OneDrive\\Documents\\Arduino\\Mouse_esp32s3"
cmd /c if exist "C:\\Users\\donot\\AppData\\Local\\arduino\\sketches\\B31446632B02B01B7BCD35A44C52C342\\libraries\\ESP_SR" if exist "C:\\Users\\donot\\AppData\\Local\\Arduino15\\packages\\esp32\\tools\\esp32s3-libs\\3.3.7\\esp_sr\\srmodels.bin" COPY /y "C:\\Users\\donot\\AppData\\Local\\Arduino15\\packages\\esp32\\tools\\esp32s3-libs\\3.3.7\\esp_sr\\srmodels.bin" "C:\\Users\\donot\\AppData\\Local\\arduino\\sketches\\B31446632B02B01B7BCD35A44C52C342\\srmodels.bin"
"C:\\Users\\donot\\AppData\\Local\\Arduino15\\packages\\esp32\\tools\\esptool_py\\5.1.0/esptool.exe" --chip esp32s3 merge-bin -o "C:\\Users\\donot\\AppData\\Local\\arduino\\sketches\\B31446632B02B01B7BCD35A44C52C342/Mouse_esp32s3.ino.merged.bin" --pad-to-size 4MB --flash-mode keep --flash-freq keep --flash-size keep 0x0 "C:\\Users\\donot\\AppData\\Local\\arduino\\sketches\\B31446632B02B01B7BCD35A44C52C342/Mouse_esp32s3.ino.bootloader.bin" 0x8000 "C:\\Users\\donot\\AppData\\Local\\arduino\\sketches\\B31446632B02B01B7BCD35A44C52C342/Mouse_esp32s3.ino.partitions.bin" 0xe000 "C:\\Users\\donot\\AppData\\Local\\Arduino15\\packages\\esp32\\hardware\\esp32\\3.3.7/tools/partitions/boot_app0.bin" 0x10000 "C:\\Users\\donot\\AppData\\Local\\arduino\\sketches\\B31446632B02B01B7BCD35A44C52C342/Mouse_esp32s3.ino.bin"
esptool v5.1.0
Wrote 0x400000 bytes to file 'C:\Users\donot\AppData\Local\arduino\sketches\B31446632B02B01B7BCD35A44C52C342/Mouse_esp32s3.ino.merged.bin', ready to flash to offset 0x0.
cmd /c echo --flash-mode dio --flash-freq 80m --flash-size 4MB > "C:\\Users\\donot\\AppData\\Local\\arduino\\sketches\\B31446632B02B01B7BCD35A44C52C342\\flash_args" && echo 0x0 Mouse_esp32s3.ino.bootloader.bin >> "C:\\Users\\donot\\AppData\\Local\\arduino\\sketches\\B31446632B02B01B7BCD35A44C52C342\\flash_args" && echo 0x8000 Mouse_esp32s3.ino.partitions.bin >> "C:\\Users\\donot\\AppData\\Local\\arduino\\sketches\\B31446632B02B01B7BCD35A44C52C342\\flash_args" && echo 0xe000 boot_app0.bin >> "C:\\Users\\donot\\AppData\\Local\\arduino\\sketches\\B31446632B02B01B7BCD35A44C52C342\\flash_args" && echo 0x10000 Mouse_esp32s3.ino.bin >> "C:\\Users\\donot\\AppData\\Local\\arduino\\sketches\\B31446632B02B01B7BCD35A44C52C342\\flash_args"
Using library WiFi at version 3.3.7 in folder: C:\Users\donot\AppData\Local\Arduino15\packages\esp32\hardware\esp32\3.3.7\libraries\WiFi 
Using library Networking at version 3.3.7 in folder: C:\Users\donot\AppData\Local\Arduino15\packages\esp32\hardware\esp32\3.3.7\libraries\Network 
Using library WebServer at version 3.3.7 in folder: C:\Users\donot\AppData\Local\Arduino15\packages\esp32\hardware\esp32\3.3.7\libraries\WebServer 
Using library FS at version 3.3.7 in folder: C:\Users\donot\AppData\Local\Arduino15\packages\esp32\hardware\esp32\3.3.7\libraries\FS 
Using library Wire at version 3.3.7 in folder: C:\Users\donot\AppData\Local\Arduino15\packages\esp32\hardware\esp32\3.3.7\libraries\Wire 
Using library PCF8574 at version 0.4.4 in folder: C:\Users\donot\OneDrive\Documents\Arduino\libraries\PCF8574 
Using library VL53L0X at version 1.3.1 in folder: C:\Users\donot\OneDrive\Documents\Arduino\libraries\VL53L0X 
Using library Adafruit NeoPixel at version 1.15.4 in folder: C:\Users\donot\OneDrive\Documents\Arduino\libraries\Adafruit_NeoPixel 
Using library SPIFFS at version 3.3.7 in folder: C:\Users\donot\AppData\Local\Arduino15\packages\esp32\hardware\esp32\3.3.7\libraries\SPIFFS 
Using library ArduinoOTA at version 3.3.7 in folder: C:\Users\donot\AppData\Local\Arduino15\packages\esp32\hardware\esp32\3.3.7\libraries\ArduinoOTA 
Using library Update at version 3.3.7 in folder: C:\Users\donot\AppData\Local\Arduino15\packages\esp32\hardware\esp32\3.3.7\libraries\Update 
Using library ESPmDNS at version 3.3.7 in folder: C:\Users\donot\AppData\Local\Arduino15\packages\esp32\hardware\esp32\3.3.7\libraries\ESPmDNS 
Using library Hash at version 3.3.7 in folder: C:\Users\donot\AppData\Local\Arduino15\packages\esp32\hardware\esp32\3.3.7\libraries\Hash 
"C:\\Users\\donot\\AppData\\Local\\Arduino15\\packages\\esp32\\tools\\esp-x32\\2511/bin/xtensa-esp32s3-elf-size" -A "C:\\Users\\donot\\AppData\\Local\\arduino\\sketches\\B31446632B02B01B7BCD35A44C52C342/Mouse_esp32s3.ino.elf"
Sketch uses 1207204 bytes (61%) of program storage space. Maximum is 1966080 bytes.
Global variables use 72556 bytes (22%) of dynamic memory, leaving 255124 bytes for local variables. Maximum is 327680 bytes.

[92mUsed library[0m      [92mVersion[0m [90mPath[0m
[93mWiFi[0m              3.3.7   [90mC:\Users\donot\AppData\Local\Arduino15\packages\esp32\hardware\esp32\3.3.7\libraries\WiFi[0m
[93mNetworking[0m        3.3.7   [90mC:\Users\donot\AppData\Local\Arduino15\packages\esp32\hardware\esp32\3.3.7\libraries\Network[0m
[93mWebServer[0m         3.3.7   [90mC:\Users\donot\AppData\Local\Arduino15\packages\esp32\hardware\esp32\3.3.7\libraries\WebServer[0m
[93mFS[0m                3.3.7   [90mC:\Users\donot\AppData\Local\Arduino15\packages\esp32\hardware\esp32\3.3.7\libraries\FS[0m
[93mWire[0m              3.3.7   [90mC:\Users\donot\AppData\Local\Arduino15\packages\esp32\hardware\esp32\3.3.7\libraries\Wire[0m
[93mPCF8574[0m           0.4.4   [90mC:\Users\donot\OneDrive\Documents\Arduino\libraries\PCF8574[0m
[93mVL53L0X[0m           1.3.1   [90mC:\Users\donot\OneDrive\Documents\Arduino\libraries\VL53L0X[0m
[93mAdafruit NeoPixel[0m 1.15.4  [90mC:\Users\donot\OneDrive\Documents\Arduino\libraries\Adafruit_NeoPixel[0m
[93mSPIFFS[0m            3.3.7   [90mC:\Users\donot\AppData\Local\Arduino15\packages\esp32\hardware\esp32\3.3.7\libraries\SPIFFS[0m
[93mArduinoOTA[0m        3.3.7   [90mC:\Users\donot\AppData\Local\Arduino15\packages\esp32\hardware\esp32\3.3.7\libraries\ArduinoOTA[0m
[93mUpdate[0m            3.3.7   [90mC:\Users\donot\AppData\Local\Arduino15\packages\esp32\hardware\esp32\3.3.7\libraries\Update[0m
[93mESPmDNS[0m           3.3.7   [90mC:\Users\donot\AppData\Local\Arduino15\packages\esp32\hardware\esp32\3.3.7\libraries\ESPmDNS[0m
[93mHash[0m              3.3.7   [90mC:\Users\donot\AppData\Local\Arduino15\packages\esp32\hardware\esp32\3.3.7\libraries\Hash[0m

[92mUsed platform[0m [92mVersion[0m [90mPath[0m
[93mesp32:esp32[0m   3.3.7   [90mC:\Users\donot\AppData\Local\Arduino15\packages\esp32\hardware\esp32\3.3.7[0m
"C:\Users\donot\AppData\Local\Arduino15\packages\esp32\tools\esptool_py\5.1.0/esptool.exe" --chip esp32s3 --port "COM3" --baud 921600  --before default-reset --after hard-reset write-flash  -z --flash-mode keep --flash-freq keep --flash-size keep 0x0 "C:\Users\donot\AppData\Local\arduino\sketches\B31446632B02B01B7BCD35A44C52C342/Mouse_esp32s3.ino.bootloader.bin" 0x8000 "C:\Users\donot\AppData\Local\arduino\sketches\B31446632B02B01B7BCD35A44C52C342/Mouse_esp32s3.ino.partitions.bin" 0xe000 "C:\Users\donot\AppData\Local\Arduino15\packages\esp32\hardware\esp32\3.3.7/tools/partitions/boot_app0.bin" 0x10000 "C:\Users\donot\AppData\Local\arduino\sketches\B31446632B02B01B7BCD35A44C52C342/Mouse_esp32s3.ino.bin" 
esptool v5.1.0
Serial port COM3:
Connecting...
Connected to ESP32-S3 on COM3:
Chip type:          ESP32-S3 (QFN56) (revision v0.2)
Features:           Wi-Fi, BT 5 (LE), Dual Core + LP Core, 240MHz, Embedded Flash 4MB (XMC), Embedded PSRAM 2MB (AP_3v3)
Crystal frequency:  40MHz
USB mode:           USB-Serial/JTAG
MAC:                9c:13:9e:f2:5a:44

Uploading stub flasher...
Running stub flasher...
Stub flasher running.
Changing baud rate to 921600...
Changed.

Configuring flash size...
Flash will be erased from 0x00000000 to 0x00004fff...
Flash will be erased from 0x00008000 to 0x00008fff...
Flash will be erased from 0x0000e000 to 0x0000ffff...
Flash will be erased from 0x00010000 to 0x00136fff...
Compressed 19984 bytes to 13032...

Writing at 0x00000000 [                              ]   0.0% 0/13032 bytes... 

Writing at 0x00004e10 [==============================] 100.0% 13032/13032 bytes... 
Wrote 19984 bytes (13032 compressed) at 0x00000000 in 0.3 seconds (605.5 kbit/s).
Hash of data verified.
Compressed 3072 bytes to 146...

Writing at 0x00008000 [                              ]   0.0% 0/146 bytes... 

Writing at 0x00008c00 [==============================] 100.0% 146/146 bytes... 
Wrote 3072 bytes (146 compressed) at 0x00008000 in 0.1 seconds (236.4 kbit/s).
Hash of data verified.
Compressed 8192 bytes to 47...

Writing at 0x0000e000 [                              ]   0.0% 0/47 bytes... 

Writing at 0x00010000 [==============================] 100.0% 47/47 bytes... 
Wrote 8192 bytes (47 compressed) at 0x0000e000 in 0.1 seconds (618.2 kbit/s).
Hash of data verified.
Compressed 1207360 bytes to 763733...

Writing at 0x00010000 [                              ]   0.0% 0/763733 bytes... 

Writing at 0x0001b42e [                              ]   2.1% 16384/763733 bytes... 

Writing at 0x000292ec [>                             ]   4.3% 32768/763733 bytes... 

Writing at 0x0003307c [>                             ]   6.4% 49152/763733 bytes... 

Writing at 0x0003a3cb [=>                            ]   8.6% 65536/763733 bytes... 

Writing at 0x0004b44a [==>                           ]  10.7% 81920/763733 bytes... 

Writing at 0x00051b4c [==>                           ]  12.9% 98304/763733 bytes... 

Writing at 0x00057f61 [===>                          ]  15.0% 114688/763733 bytes... 

Writing at 0x0005e6cf [====>                         ]  17.2% 131072/763733 bytes... 

Writing at 0x00064c7f [====>                         ]  19.3% 147456/763733 bytes... 

Writing at 0x0006aab7 [=====>                        ]  21.5% 163840/763733 bytes... 

Writing at 0x00071107 [======>                       ]  23.6% 180224/763733 bytes... 

Writing at 0x00076b47 [======>                       ]  25.7% 196608/763733 bytes... 

Writing at 0x0007c598 [=======>                      ]  27.9% 212992/763733 bytes... 

Writing at 0x00082057 [========>                     ]  30.0% 229376/763733 bytes... 

Writing at 0x0008785c [========>                     ]  32.2% 245760/763733 bytes... 

Writing at 0x0008cb01 [=========>                    ]  34.3% 262144/763733 bytes... 

Writing at 0x00091e21 [=========>                    ]  36.5% 278528/763733 bytes... 

Writing at 0x000974e6 [==========>                   ]  38.6% 294912/763733 bytes... 

Writing at 0x0009c85a [===========>                  ]  40.8% 311296/763733 bytes... 

Writing at 0x000a1f9d [===========>                  ]  42.9% 327680/763733 bytes... 

Writing at 0x000a765e [============>                 ]  45.1% 344064/763733 bytes... 

Writing at 0x000ac7a2 [=============>                ]  47.2% 360448/763733 bytes... 

Writing at 0x000b197e [=============>                ]  49.3% 376832/763733 bytes... 

Writing at 0x000b72ed [==============>               ]  51.5% 393216/763733 bytes... 

Writing at 0x000bc622 [===============>              ]  53.6% 409600/763733 bytes... 

Writing at 0x000c177a [===============>              ]  55.8% 425984/763733 bytes... 

Writing at 0x000c6f7e [================>             ]  57.9% 442368/763733 bytes... 

Writing at 0x000cc56d [=================>            ]  60.1% 458752/763733 bytes... 

Writing at 0x000d1b74 [=================>            ]  62.2% 475136/763733 bytes... 

Writing at 0x000d6fb4 [==================>           ]  64.4% 491520/763733 bytes... 

Writing at 0x000dc0ba [==================>           ]  66.5% 507904/763733 bytes... 

Writing at 0x000e1740 [===================>          ]  68.6% 524288/763733 bytes... 

Writing at 0x000e6c6a [====================>         ]  70.8% 540672/763733 bytes... 

Writing at 0x000ec2e9 [====================>         ]  72.9% 557056/763733 bytes... 

Writing at 0x000f189f [=====================>        ]  75.1% 573440/763733 bytes... 

Writing at 0x000f6da2 [======================>       ]  77.2% 589824/763733 bytes... 

Writing at 0x000fc800 [======================>       ]  79.4% 606208/763733 bytes... 

Writing at 0x0010260f [=======================>      ]  81.5% 622592/763733 bytes... 

Writing at 0x00107a61 [========================>     ]  83.7% 638976/763733 bytes... 

Writing at 0x0010df43 [========================>     ]  85.8% 655360/763733 bytes... 

Writing at 0x00116ae0 [=========================>    ]  88.0% 671744/763733 bytes... 

Writing at 0x0011be1d [==========================>   ]  90.1% 688128/763733 bytes... 

Writing at 0x00121623 [==========================>   ]  92.2% 704512/763733 bytes... 

Writing at 0x001273dd [===========================>  ]  94.4% 720896/763733 bytes... 

Writing at 0x0012cf86 [===========================>  ]  96.5% 737280/763733 bytes... 

Writing at 0x001330b0 [============================> ]  98.7% 753664/763733 bytes... 

Writing at 0x00136c40 [==============================] 100.0% 763733/763733 bytes... 
Wrote 1207360 bytes (763733 compressed) at 0x00010000 in 7.8 seconds (1236.7 kbit/s).
Hash of data verified.

Hard resetting via RTS pin...
New upload port: COM3 (serial)
[2026-04-11 22:30:58] pipeline end (last exit: 0)
